INFO:MainThread:SpnPatchParser.py:test_file_correctness:File loops/KICKDRUMONE.wav is OK.
INFO:MainThread:SpnPatchParser.py:test_file_correctness:File loops/SNAREHATONE.wav is OK.
INFO:MainThread:SpnPatchParser.py:test_file_correctness:File loops/SHITTYBASSONE.wav is OK.
INFO:MainThread:SpnPatchParser.py:test_file_correctness:File loops/WEIRDNOISEONE.wav is OK.
INFO:MainThread:SpnPatchParser.py:test_file_correctness:File loops/TriangleLoopOne.wav is OK.
INFO:MainThread:SpnPatchParser.py:test_file_correctness:File loops/ShakerLoopOne.wav is OK.
INFO:MainThread:SpnOSCReceiver.py:start_OSC_server:Serving on ('127.0.0.1', 5080)
INFO:MainThread:SpnAudioEngine.py:start_audio:Starting Audio Engine
INFO:MainThread:SpnAudioEngine.py:toggle_mute:Mute state toggled.  new state True
INFO:MainThread:SpnAudioEngine.py:toggle_mute:Mute state toggled.  new state False
INFO:MainThread:SpnAudioEngine.py:toggle_mute:Mute state toggled.  new state True
INFO:MainThread:SpnAudioEngine.py:toggle_mute:Mute state toggled.  new state False
INFO:MainThread:SpnAudioEngine.py:toggle_mute:Mute state toggled.  new state True
INFO:MainThread:SpnAudioEngine.py:toggle_mute:Mute state toggled.  new state False
INFO:MainThread:SpnAudioEngine.py:toggle_mute:Mute state toggled.  new state True
INFO:MainThread:SpnAudioEngine.py:toggle_mute:Mute state toggled.  new state False
INFO:MainThread:SpnAudioEngine.py:toggle_mute:Mute state toggled.  new state True
INFO:MainThread:SpnAudioEngine.py:toggle_mute:Mute state toggled.  new state False
INFO:MainThread:SpnAudioEngine.py:toggle_mute:Mute state toggled.  new state True
INFO:MainThread:SpnAudioEngine.py:toggle_mute:Mute state toggled.  new state False
INFO:MainThread:SpnAudioEngine.py:toggle_mute:Mute state toggled.  new state True
INFO:MainThread:SpnAudioEngine.py:toggle_mute:Mute state toggled.  new state False
INFO:MainThread:SpnAudioEngine.py:toggle_mute:Mute state toggled.  new state True
INFO:MainThread:SpnAudioEngine.py:toggle_mute:Mute state toggled.  new state False
INFO:MainThread:SpnAudioEngine.py:toggle_mute:Mute state toggled.  new state True
INFO:MainThread:SpnAudioEngine.py:toggle_mute:Mute state toggled.  new state False
INFO:MainThread:SpnAudioEngine.py:toggle_mute:Mute state toggled.  new state True
INFO:MainThread:SpnAudioEngine.py:toggle_mute:Mute state toggled.  new state False
INFO:MainThread:SpnAudioEngine.py:toggle_mute:Mute state toggled.  new state True
INFO:MainThread:SpnAudioEngine.py:toggle_mute:Mute state toggled.  new state False
INFO:MainThread:SpnAudioEngine.py:toggle_mute:Mute state toggled.  new state True
INFO:MainThread:SpnAudioEngine.py:toggle_mute:Mute state toggled.  new state False
INFO:MainThread:SpnAudioEngine.py:toggle_mute:Mute state toggled.  new state True
INFO:MainThread:SpnAudioEngine.py:toggle_mute:Mute state toggled.  new state False
INFO:MainThread:SpnAudioEngine.py:toggle_mute:Mute state toggled.  new state True
INFO:MainThread:SpnAudioEngine.py:toggle_mute:Mute state toggled.  new state False
INFO:MainThread:SpnAudioEngine.py:toggle_mute:Mute state toggled.  new state True
INFO:MainThread:SpnAudioEngine.py:toggle_mute:Mute state toggled.  new state False
INFO:MainThread:SpnAudioEngine.py:toggle_mute:Mute state toggled.  new state True
INFO:MainThread:SpnAudioEngine.py:toggle_mute:Mute state toggled.  new state False
INFO:MainThread:SpnAudioEngine.py:toggle_mute:Mute state toggled.  new state True
INFO:MainThread:SpnAudioEngine.py:toggle_mute:Mute state toggled.  new state False
INFO:MainThread:SpnAudioEngine.py:toggle_mute:Mute state toggled.  new state True
INFO:MainThread:SpnAudioEngine.py:toggle_mute:Mute state toggled.  new state False
INFO:MainThread:SpnAudioEngine.py:toggle_mute:Mute state toggled.  new state True
INFO:MainThread:SpnAudioEngine.py:toggle_mute:Mute state toggled.  new state False
INFO:MainThread:SpnAudioEngine.py:toggle_mute:Mute state toggled.  new state True
INFO:MainThread:SpnAudioEngine.py:toggle_mute:Mute state toggled.  new state False
INFO:MainThread:SpnAudioEngine.py:toggle_mute:Mute state toggled.  new state True
INFO:MainThread:SpnAudioEngine.py:toggle_mute:Mute state toggled.  new state False
INFO:MainThread:SpnAudioEngine.py:toggle_mute:Mute state toggled.  new state True
INFO:MainThread:SpnAudioEngine.py:toggle_mute:Mute state toggled.  new state False
INFO:MainThread:SpnAudioEngine.py:toggle_mute:Mute state toggled.  new state True
INFO:MainThread:SpnAudioEngine.py:toggle_mute:Mute state toggled.  new state False
INFO:MainThread:SpnAudioEngine.py:toggle_mute:Mute state toggled.  new state True
INFO:MainThread:SpnAudioEngine.py:toggle_mute:Mute state toggled.  new state False
INFO:MainThread:SpnAudioEngine.py:toggle_mute:Mute state toggled.  new state True
INFO:MainThread:SpnAudioEngine.py:toggle_mute:Mute state toggled.  new state False
INFO:MainThread:SpnAudioEngine.py:toggle_mute:Mute state toggled.  new state True
INFO:MainThread:SpnAudioEngine.py:toggle_mute:Mute state toggled.  new state False
INFO:MainThread:SpnAudioEngine.py:toggle_mute:Mute state toggled.  new state True
INFO:MainThread:SpnAudioEngine.py:toggle_mute:Mute state toggled.  new state False
INFO:MainThread:SpnAudioEngine.py:toggle_mute:Mute state toggled.  new state True
INFO:MainThread:SpnAudioEngine.py:toggle_mute:Mute state toggled.  new state False
INFO:MainThread:SpnAudioEngine.py:toggle_mute:Mute state toggled.  new state True
INFO:MainThread:SpnAudioEngine.py:toggle_mute:Mute state toggled.  new state False
INFO:MainThread:SpnAudioEngine.py:stop_audio:Stopping Audio Engine
INFO:MainThread:SpnAudioEngine.py:stop_audio:Stopping Audio Engine
